<?xml version="1.0" encoding="UTF-8"?>
<testng-results ignored="0" total="1" passed="1" failed="0" skipped="0">
  <reporter-output>
  </reporter-output>
  <suite started-at="2024-02-29T11:40:07 IST" name="Default suite" finished-at="2024-02-29T11:40:11 IST" duration-ms="4090">
    <groups>
    </groups>
    <test started-at="2024-02-29T11:40:07 IST" name="Default test" finished-at="2024-02-29T11:40:11 IST" duration-ms="4090">
      <class name="Testscenarios.testmethods">
        <test-method is-config="true" signature="beforetest()[pri:0, instance:Testscenarios.testmethods@4c583ecf]" started-at="2024-02-29T11:40:07 IST" name="beforetest" finished-at="2024-02-29T11:40:11 IST" duration-ms="3922" status="PASS">
          <reporter-output>
          </reporter-output>
        </test-method> <!-- beforetest -->
        <test-method signature="searchpage()[pri:0, instance:Testscenarios.testmethods@4c583ecf]" started-at="2024-02-29T11:40:11 IST" name="searchpage" finished-at="2024-02-29T11:40:11 IST" duration-ms="130" status="PASS">
          <reporter-output>
          </reporter-output>
        </test-method> <!-- searchpage -->
      </class> <!-- Testscenarios.testmethods -->
    </test> <!-- Default test -->
  </suite> <!-- Default suite -->
</testng-results>
