<?xml version="1.0" encoding="UTF-8"?>
<testng-results ignored="0" total="1" passed="1" failed="0" skipped="0">
  <reporter-output>
  </reporter-output>
  <suite started-at="2024-03-09T12:40:59 IST" name="Default suite" finished-at="2024-03-09T12:41:11 IST" duration-ms="12313">
    <groups>
    </groups>
    <test started-at="2024-03-09T12:40:59 IST" name="Default test" finished-at="2024-03-09T12:41:11 IST" duration-ms="12313">
      <class name="Testscenarios.Testmethodsgooglesearch">
        <test-method is-config="true" signature="beforetest()[pri:0, instance:Testscenarios.Testmethodsgooglesearch@dd8ba08]" started-at="2024-03-09T12:40:59 IST" name="beforetest" finished-at="2024-03-09T12:41:11 IST" duration-ms="12036" status="PASS">
          <reporter-output>
          </reporter-output>
        </test-method> <!-- beforetest -->
        <test-method signature="searchoperation()[pri:0, instance:Testscenarios.Testmethodsgooglesearch@dd8ba08]" started-at="2024-03-09T12:41:11 IST" name="searchoperation" finished-at="2024-03-09T12:41:11 IST" duration-ms="206" status="PASS">
          <reporter-output>
          </reporter-output>
        </test-method> <!-- searchoperation -->
      </class> <!-- Testscenarios.Testmethodsgooglesearch -->
    </test> <!-- Default test -->
  </suite> <!-- Default suite -->
</testng-results>
